#
# A fatal error has been detected by the Java Runtime Environment:
#
#  Internal Error (exceptions.cpp:471), pid=15020, tid=0x0000000000002e1c
#  fatal error: ExceptionMark destructor expects no pending exceptions
#
# JRE version: Java(TM) SE Runtime Environment (8.0_271-b09) (build 1.8.0_271-b09)
# Java VM: Java HotSpot(TM) 64-Bit Server VM (25.271-b09 mixed mode windows-amd64 compressed oops)
# Failed to write core dump. Minidumps are not enabled by default on client versions of Windows
#
# If you would like to submit a bug report, please visit:
#   http://bugreport.java.com/bugreport/crash.jsp
#

---------------  T H R E A D  ---------------

Current thread (0x000001cb24da6800):  JavaThread "Thread-8" [_thread_in_vm, id=11804, stack(0x0000008cfd000000,0x0000008cfd100000)]

Stack: [0x0000008cfd000000,0x0000008cfd100000]
Native frames: (J=compiled Java code, j=interpreted, Vv=VM code, C=native code)
V  [jvm.dll+0x33f6c9]
V  [jvm.dll+0x286122]
V  [jvm.dll+0x286dcd]
V  [jvm.dll+0x27d3f6]
V  [jvm.dll+0x27e01e]
V  [jvm.dll+0x1c12dc]
V  [jvm.dll+0xd08e7]
C  0x000001cb0e3ea807

Java frames: (J=compiled Java code, j=interpreted, Vv=VM code)
j  java.net.AbstractPlainSocketImpl.accept(Ljava/net/SocketImpl;)V+23
j  java.net.PlainSocketImpl.accept(Ljava/net/SocketImpl;)V+42
j  java.net.ServerSocket.implAccept(Ljava/net/Socket;)V+60
j  java.net.ServerSocket.accept()Ljava/net/Socket;+48
j  server.Server$ClientAcceptListener.run()V+15
v  ~StubRoutines::call_stub

---------------  P R O C E S S  ---------------

Java Threads: ( => current thread )
  0x000001cb24da5800 JavaThread "Thread-13" [_thread_in_native, id=10212, stack(0x0000008cfc300000,0x0000008cfc400000)]
  0x000001cb24da8800 JavaThread "Thread-12" [_thread_in_native, id=15296, stack(0x0000008cfd400000,0x0000008cfd500000)]
  0x000001cb24da8000 JavaThread "Thread-9" [_thread_blocked, id=13544, stack(0x0000008cfd100000,0x0000008cfd200000)]
=>0x000001cb24da6800 JavaThread "Thread-8" [_thread_in_vm, id=11804, stack(0x0000008cfd000000,0x0000008cfd100000)]
  0x000001cb24da9800 JavaThread "mysql-cj-abandoned-connection-cleanup" daemon [_thread_blocked, id=14304, stack(0x0000008cfcf00000,0x0000008cfd000000)]
  0x000001cb6d479800 JavaThread "FX Access Thread (Visual Debugger)" daemon [_thread_blocked, id=13428, stack(0x0000008cfce00000,0x0000008cfcf00000)]
  0x000001cb24f12000 JavaThread "Disposer" daemon [_thread_blocked, id=4772, stack(0x0000008cfca00000,0x0000008cfcb00000)]
  0x000001cb24eaf800 JavaThread "Prism Font Disposer" daemon [_thread_blocked, id=14588, stack(0x0000008cfc900000,0x0000008cfca00000)]
  0x000001cb24d80000 JavaThread "Thread-3" daemon [_thread_blocked, id=10320, stack(0x0000008cfc700000,0x0000008cfc800000)]
  0x000001cb24cda000 JavaThread "JavaFX-Launcher" [_thread_blocked, id=10592, stack(0x0000008cfc800000,0x0000008cfc900000)]
  0x000001cb24885000 JavaThread "JavaFX Application Thread" [_thread_blocked, id=6864, stack(0x0000008cfc500000,0x0000008cfc600000)]
  0x000001cb24880800 JavaThread "Thread-1" daemon [_thread_blocked, id=15316, stack(0x0000008cfc400000,0x0000008cfc500000)]
  0x000001cb240b4000 JavaThread "QuantumRenderer-0" daemon [_thread_blocked, id=9684, stack(0x0000008cfc200000,0x0000008cfc300000)]
  0x000001cb23201000 JavaThread "Service Thread" daemon [_thread_blocked, id=15080, stack(0x0000008cfc000000,0x0000008cfc100000)]
  0x000001cb231a3800 JavaThread "C1 CompilerThread2" daemon [_thread_blocked, id=14968, stack(0x0000008cfbf00000,0x0000008cfc000000)]
  0x000001cb23187800 JavaThread "C2 CompilerThread1" daemon [_thread_blocked, id=11828, stack(0x0000008cfbe00000,0x0000008cfbf00000)]
  0x000001cb23184000 JavaThread "C2 CompilerThread0" daemon [_thread_blocked, id=3996, stack(0x0000008cfbd00000,0x0000008cfbe00000)]
  0x000001cb23173000 JavaThread "JDWP Command Reader" daemon [_thread_in_native, id=14752, stack(0x0000008cfbc00000,0x0000008cfbd00000)]
  0x000001cb23170800 JavaThread "JDWP Event Helper Thread" daemon [_thread_blocked, id=3864, stack(0x0000008cfbb00000,0x0000008cfbc00000)]
  0x000001cb23165000 JavaThread "JDWP Transport Listener: dt_shmem" daemon [_thread_blocked, id=1988, stack(0x0000008cfba00000,0x0000008cfbb00000)]
  0x000001cb23157000 JavaThread "Attach Listener" daemon [_thread_blocked, id=1860, stack(0x0000008cfb900000,0x0000008cfba00000)]
  0x000001cb23156000 JavaThread "Signal Dispatcher" daemon [_thread_blocked, id=8792, stack(0x0000008cfb800000,0x0000008cfb900000)]
  0x000001cb23136800 JavaThread "Finalizer" daemon [_thread_blocked, id=7564, stack(0x0000008cfb600000,0x0000008cfb700000)]
  0x000001cb23134800 JavaThread "Reference Handler" daemon [_thread_blocked, id=14736, stack(0x0000008cfb500000,0x0000008cfb600000)]
  0x000001cb0c9f5800 JavaThread "main" [_thread_blocked, id=12764, stack(0x0000008cfaf00000,0x0000008cfb000000)]

Other Threads:
  0x000001cb23113000 VMThread [stack: 0x0000008cfb400000,0x0000008cfb500000] [id=11016]
  0x000001cb23210800 WatcherThread [stack: 0x0000008cfc100000,0x0000008cfc200000] [id=14600]

VM state:synchronizing (normal execution)

VM Mutex/Monitor currently owned by a thread:  ([mutex/lock_event])
[0x000001cb0c9f2fb0] Threads_lock - owner thread: 0x000001cb23113000

heap address: 0x0000000080800000, size: 2040 MB, Compressed Oops mode: 32-bit
Narrow klass base: 0x0000000000000000, Narrow klass shift: 3
Compressed class space size: 1073741824 Address: 0x0000000100000000

Heap:
 PSYoungGen      total 48640K, used 15399K [0x00000000d5800000, 0x00000000da100000, 0x0000000100000000)
  eden space 43520K, 23% used [0x00000000d5800000,0x00000000d620d028,0x00000000d8280000)
  from space 5120K, 99% used [0x00000000d8280000,0x00000000d877cd98,0x00000000d8780000)
  to   space 11776K, 0% used [0x00000000d9580000,0x00000000d9580000,0x00000000da100000)
 ParOldGen       total 64000K, used 19424K [0x0000000080800000, 0x0000000084680000, 0x00000000d5800000)
  object space 64000K, 30% used [0x0000000080800000,0x0000000081af83b8,0x0000000084680000)
 Metaspace       used 25586K, capacity 26916K, committed 27008K, reserved 1073152K
  class space    used 3412K, capacity 3676K, committed 3712K, reserved 1048576K

Card table byte_map: [0x000001cb1d790000,0x000001cb1db90000] byte_map_base: 0x000001cb1d38c000

Marking Bits: (ParMarkBitMap*) 0x0000000074077fe0
 Begin Bits: [0x000001cb1de40000, 0x000001cb1fe20000)
 End Bits:   [0x000001cb1fe20000, 0x000001cb21e00000)

Polling page: 0x000001cb0c960000

CodeCache: size=245760Kb used=16711Kb max_used=17780Kb free=229048Kb
 bounds [0x000001cb0e3d0000, 0x000001cb0f560000, 0x000001cb1d3d0000]
 total_blobs=5513 nmethods=4752 adapters=680
 compilation: enabled

Compilation events (10 events):
Event: 34.786 Thread 0x000001cb231a3800 5373       3       com.sun.glass.ui.View::notifyMouse (221 bytes)
Event: 34.788 Thread 0x000001cb231a3800 nmethod 5373 0x000001cb0e87dc10 code [0x000001cb0e87dee0, 0x000001cb0e87f4b0]
Event: 34.788 Thread 0x000001cb231a3800 5374       3       com.sun.glass.ui.Window::handleMouseEvent (26 bytes)
Event: 34.788 Thread 0x000001cb231a3800 nmethod 5374 0x000001cb0ee49710 code [0x000001cb0ee49880, 0x000001cb0ee49b30]
Event: 34.788 Thread 0x000001cb231a3800 5375       3       java.util.EnumMap::values (26 bytes)
Event: 34.789 Thread 0x000001cb231a3800 nmethod 5375 0x000001cb0eae4190 code [0x000001cb0eae4300, 0x000001cb0eae4698]
Event: 34.922 Thread 0x000001cb231a3800 5376       1       javafx.scene.Scene$ClickCounter::isStill (5 bytes)
Event: 34.922 Thread 0x000001cb231a3800 nmethod 5376 0x000001cb0e668150 code [0x000001cb0e6682a0, 0x000001cb0e6683b8]
Event: 34.992 Thread 0x000001cb231a3800 5377       1       javafx.scene.layout.BorderStrokeStyle::hashCode (5 bytes)
Event: 34.992 Thread 0x000001cb231a3800 nmethod 5377 0x000001cb0e667e90 code [0x000001cb0e667fe0, 0x000001cb0e6680f8]

GC Heap History (10 events):
Event: 1.602 GC heap before
{Heap before GC invocations=2 (full 0):
 PSYoungGen      total 38400K, used 18560K [0x00000000d5800000, 0x00000000d8280000, 0x0000000100000000)
  eden space 33280K, 42% used [0x00000000d5800000,0x00000000d65d01f0,0x00000000d7880000)
  from space 5120K, 86% used [0x00000000d7880000,0x00000000d7cd0020,0x00000000d7d80000)
  to   space 5120K, 0% used [0x00000000d7d80000,0x00000000d7d80000,0x00000000d8280000)
 ParOldGen       total 87552K, used 16K [0x0000000080800000, 0x0000000085d80000, 0x00000000d5800000)
  object space 87552K, 0% used [0x0000000080800000,0x0000000080804000,0x0000000085d80000)
 Metaspace       used 20155K, capacity 21224K, committed 21296K, reserved 1067008K
  class space    used 2948K, capacity 3161K, committed 3200K, reserved 1048576K
Event: 1.608 GC heap after
Heap after GC invocations=2 (full 0):
 PSYoungGen      total 38400K, used 5104K [0x00000000d5800000, 0x00000000d8280000, 0x0000000100000000)
  eden space 33280K, 0% used [0x00000000d5800000,0x00000000d5800000,0x00000000d7880000)
  from space 5120K, 99% used [0x00000000d7d80000,0x00000000d827c030,0x00000000d8280000)
  to   space 5120K, 0% used [0x00000000d7880000,0x00000000d7880000,0x00000000d7d80000)
 ParOldGen       total 87552K, used 2071K [0x0000000080800000, 0x0000000085d80000, 0x00000000d5800000)
  object space 87552K, 2% used [0x0000000080800000,0x0000000080a05fb0,0x0000000085d80000)
 Metaspace       used 20155K, capacity 21224K, committed 21296K, reserved 1067008K
  class space    used 2948K, capacity 3161K, committed 3200K, reserved 1048576K
}
Event: 1.608 GC heap before
{Heap before GC invocations=3 (full 1):
 PSYoungGen      total 38400K, used 5104K [0x00000000d5800000, 0x00000000d8280000, 0x0000000100000000)
  eden space 33280K, 0% used [0x00000000d5800000,0x00000000d5800000,0x00000000d7880000)
  from space 5120K, 99% used [0x00000000d7d80000,0x00000000d827c030,0x00000000d8280000)
  to   space 5120K, 0% used [0x00000000d7880000,0x00000000d7880000,0x00000000d7d80000)
 ParOldGen       total 87552K, used 2071K [0x0000000080800000, 0x0000000085d80000, 0x00000000d5800000)
  object space 87552K, 2% used [0x0000000080800000,0x0000000080a05fb0,0x0000000085d80000)
 Metaspace       used 20155K, capacity 21224K, committed 21296K, reserved 1067008K
  class space    used 2948K, capacity 3161K, committed 3200K, reserved 1048576K
Event: 1.632 GC heap after
Heap after GC invocations=3 (full 1):
 PSYoungGen      total 38400K, used 0K [0x00000000d5800000, 0x00000000d8280000, 0x0000000100000000)
  eden space 33280K, 0% used [0x00000000d5800000,0x00000000d5800000,0x00000000d7880000)
  from space 5120K, 0% used [0x00000000d7d80000,0x00000000d7d80000,0x00000000d8280000)
  to   space 5120K, 0% used [0x00000000d7880000,0x00000000d7880000,0x00000000d7d80000)
 ParOldGen       total 64000K, used 7073K [0x0000000080800000, 0x0000000084680000, 0x00000000d5800000)
  object space 64000K, 11% used [0x0000000080800000,0x0000000080ee8668,0x0000000084680000)
 Metaspace       used 20155K, capacity 21224K, committed 21296K, reserved 1067008K
  class space    used 2948K, capacity 3161K, committed 3200K, reserved 1048576K
}
Event: 6.952 GC heap before
{Heap before GC invocations=4 (full 1):
 PSYoungGen      total 38400K, used 33280K [0x00000000d5800000, 0x00000000d8280000, 0x0000000100000000)
  eden space 33280K, 100% used [0x00000000d5800000,0x00000000d7880000,0x00000000d7880000)
  from space 5120K, 0% used [0x00000000d7d80000,0x00000000d7d80000,0x00000000d8280000)
  to   space 5120K, 0% used [0x00000000d7880000,0x00000000d7880000,0x00000000d7d80000)
 ParOldGen       total 64000K, used 7073K [0x0000000080800000, 0x0000000084680000, 0x00000000d5800000)
  object space 64000K, 11% used [0x0000000080800000,0x0000000080ee8668,0x0000000084680000)
 Metaspace       used 24376K, capacity 25730K, committed 25984K, reserved 1071104K
  class space    used 3388K, capacity 3671K, committed 3712K, reserved 1048576K
Event: 6.959 GC heap after
Heap after GC invocations=4 (full 1):
 PSYoungGen      total 38400K, used 5095K [0x00000000d5800000, 0x00000000d8c80000, 0x0000000100000000)
  eden space 33280K, 0% used [0x00000000d5800000,0x00000000d5800000,0x00000000d7880000)
  from space 5120K, 99% used [0x00000000d7880000,0x00000000d7d79ef8,0x00000000d7d80000)
  to   space 5120K, 0% used [0x00000000d8780000,0x00000000d8780000,0x00000000d8c80000)
 ParOldGen       total 64000K, used 12160K [0x0000000080800000, 0x0000000084680000, 0x00000000d5800000)
  object space 64000K, 19% used [0x0000000080800000,0x00000000813e0350,0x0000000084680000)
 Metaspace       used 24376K, capacity 25730K, committed 25984K, reserved 1071104K
  class space    used 3388K, capacity 3671K, committed 3712K, reserved 1048576K
}
Event: 19.067 GC heap before
{Heap before GC invocations=5 (full 1):
 PSYoungGen      total 38400K, used 38375K [0x00000000d5800000, 0x00000000d8c80000, 0x0000000100000000)
  eden space 33280K, 100% used [0x00000000d5800000,0x00000000d7880000,0x00000000d7880000)
  from space 5120K, 99% used [0x00000000d7880000,0x00000000d7d79ef8,0x00000000d7d80000)
  to   space 5120K, 0% used [0x00000000d8780000,0x00000000d8780000,0x00000000d8c80000)
 ParOldGen       total 64000K, used 12160K [0x0000000080800000, 0x0000000084680000, 0x00000000d5800000)
  object space 64000K, 19% used [0x0000000080800000,0x00000000813e0350,0x0000000084680000)
 Metaspace       used 24983K, capacity 26332K, committed 26496K, reserved 1073152K
  class space    used 3391K, capacity 3674K, committed 3712K, reserved 1048576K
Event: 19.074 GC heap after
Heap after GC invocations=5 (full 1):
 PSYoungGen      total 47104K, used 5089K [0x00000000d5800000, 0x00000000d8c80000, 0x0000000100000000)
  eden space 41984K, 0% used [0x00000000d5800000,0x00000000d5800000,0x00000000d8100000)
  from space 5120K, 99% used [0x00000000d8780000,0x00000000d8c784f0,0x00000000d8c80000)
  to   space 5120K, 0% used [0x00000000d8280000,0x00000000d8280000,0x00000000d8780000)
 ParOldGen       total 64000K, used 15290K [0x0000000080800000, 0x0000000084680000, 0x00000000d5800000)
  object space 64000K, 23% used [0x0000000080800000,0x00000000816eeb80,0x0000000084680000)
 Metaspace       used 24983K, capacity 26332K, committed 26496K, reserved 1073152K
  class space    used 3391K, capacity 3674K, committed 3712K, reserved 1048576K
}
Event: 33.919 GC heap before
{Heap before GC invocations=6 (full 1):
 PSYoungGen      total 47104K, used 47073K [0x00000000d5800000, 0x00000000d8c80000, 0x0000000100000000)
  eden space 41984K, 100% used [0x00000000d5800000,0x00000000d8100000,0x00000000d8100000)
  from space 5120K, 99% used [0x00000000d8780000,0x00000000d8c784f0,0x00000000d8c80000)
  to   space 5120K, 0% used [0x00000000d8280000,0x00000000d8280000,0x00000000d8780000)
 ParOldGen       total 64000K, used 15290K [0x0000000080800000, 0x0000000084680000, 0x00000000d5800000)
  object space 64000K, 23% used [0x0000000080800000,0x00000000816eeb80,0x0000000084680000)
 Metaspace       used 25514K, capacity 26852K, committed 27008K, reserved 1073152K
  class space    used 3412K, capacity 3676K, committed 3712K, reserved 1048576K
Event: 33.931 GC heap after
Heap after GC invocations=6 (full 1):
 PSYoungGen      total 48640K, used 5107K [0x00000000d5800000, 0x00000000da100000, 0x0000000100000000)
  eden space 43520K, 0% used [0x00000000d5800000,0x00000000d5800000,0x00000000d8280000)
  from space 5120K, 99% used [0x00000000d8280000,0x00000000d877cd98,0x00000000d8780000)
  to   space 11776K, 0% used [0x00000000d9580000,0x00000000d9580000,0x00000000da100000)
 ParOldGen       total 64000K, used 19424K [0x0000000080800000, 0x0000000084680000, 0x00000000d5800000)
  object space 64000K, 30% used [0x0000000080800000,0x0000000081af83b8,0x0000000084680000)
 Metaspace       used 25514K, capacity 26852K, committed 27008K, reserved 1073152K
  class space    used 3412K, capacity 3676K, committed 3712K, reserved 1048576K
}

Deoptimization events (10 events):
Event: 31.199 Thread 0x000001cb240b4000 Uncommon trap: reason=array_check action=maybe_recompile pc=0x000001cb0ebe16fc method=java.util.TimSort.reverseRange([Ljava/lang/Object;II)V @ 27
Event: 31.201 Thread 0x000001cb240b4000 Uncommon trap: reason=array_check action=maybe_recompile pc=0x000001cb0ebe16fc method=java.util.TimSort.reverseRange([Ljava/lang/Object;II)V @ 27
Event: 31.266 Thread 0x000001cb240b4000 Uncommon trap: reason=array_check action=maybe_recompile pc=0x000001cb0ec44cec method=java.util.TimSort.reverseRange([Ljava/lang/Object;II)V @ 27
Event: 34.233 Thread 0x000001cb240b4000 Uncommon trap: reason=class_check action=maybe_recompile pc=0x000001cb0f41cafc method=com.sun.prism.impl.ps.BaseShaderGraphics.setPaint(Lcom/sun/prism/paint/Paint;)V @ 11
Event: 34.233 Thread 0x000001cb240b4000 Uncommon trap: reason=class_check action=maybe_recompile pc=0x000001cb0f4ed7f8 method=com.sun.prism.impl.ps.BaseShaderContext.validatePaintOp(Lcom/sun/prism/impl/ps/BaseShaderGraphics;Lcom/sun/javafx/geom/transform/BaseTransform;Lcom/sun/prism/impl/ps/Bas
Event: 34.233 Thread 0x000001cb240b4000 Uncommon trap: reason=class_check action=maybe_recompile pc=0x000001cb0f4dd82c method=com.sun.prism.impl.ps.BaseShaderContext.getStockShaderIndex(Lcom/sun/prism/impl/ps/BaseShaderContext$MaskType;Lcom/sun/prism/paint/Paint;)I @ 30
Event: 34.233 Thread 0x000001cb240b4000 Uncommon trap: reason=unstable_if action=reinterpret pc=0x000001cb0e60a4e8 method=com.sun.prism.impl.ps.PaintHelper.initGradient(Lcom/sun/prism/paint/Gradient;)I @ 8
Event: 34.233 Thread 0x000001cb240b4000 Uncommon trap: reason=class_check action=maybe_recompile pc=0x000001cb0f41cafc method=com.sun.prism.impl.ps.BaseShaderGraphics.setPaint(Lcom/sun/prism/paint/Paint;)V @ 11
Event: 34.233 Thread 0x000001cb240b4000 Uncommon trap: reason=class_check action=maybe_recompile pc=0x000001cb0f4ed7f8 method=com.sun.prism.impl.ps.BaseShaderContext.validatePaintOp(Lcom/sun/prism/impl/ps/BaseShaderGraphics;Lcom/sun/javafx/geom/transform/BaseTransform;Lcom/sun/prism/impl/ps/Bas
Event: 34.233 Thread 0x000001cb240b4000 Uncommon trap: reason=class_check action=maybe_recompile pc=0x000001cb0f4dd82c method=com.sun.prism.impl.ps.BaseShaderContext.getStockShaderIndex(Lcom/sun/prism/impl/ps/BaseShaderContext$MaskType;Lcom/sun/prism/paint/Paint;)I @ 30

Classes redefined (0 events):
No events

Internal exceptions (10 events):
Event: 6.998 Thread 0x000001cb24885000 Implicit null exception at 0x000001cb0eb31f90 to 0x000001cb0eb31fe9
Event: 19.643 Thread 0x000001cb24da8000 Implicit null exception at 0x000001cb0f19eaaf to 0x000001cb0f19f7dd
Event: 19.777 Thread 0x000001cb240b4000 Implicit null exception at 0x000001cb0f35ccd1 to 0x000001cb0f35ecd5
Event: 27.356 Thread 0x000001cb24da3800 JVM_StopThread thread JavaThread 0x000001cb24da3800 as oop 0x00000000d5d38988 [exception 0x0000008cfd2ff3c8]
Event: 27.356 Thread 0x000001cb24da3800 Exception <a 'java/lang/ThreadDeath'> (0x00000000d6df1bc0) thrown at [C:\jenkins\workspace\8-2-build-windows-amd64-cygwin\jdk8u271\605\hotspot\src\share\vm\prims\jvm.cpp, line 3179]
Event: 31.606 Thread 0x000001cb24da5000 JVM_StopThread thread JavaThread 0x000001cb24da5000 as oop 0x00000000d5d3fd90 [exception 0x0000008cfd3ff0a8]
Event: 31.606 Thread 0x000001cb24da5000 Exception <a 'java/lang/ThreadDeath'> (0x00000000d7fc67f8) thrown at [C:\jenkins\workspace\8-2-build-windows-amd64-cygwin\jdk8u271\605\hotspot\src\share\vm\prims\jvm.cpp, line 3179]
Event: 35.043 Thread 0x000001cb24da6800 Exception <a 'java/net/SocketException': socket closed> (0x00000000d61fae38) thrown at [C:\jenkins\workspace\8-2-build-windows-amd64-cygwin\jdk8u271\605\hotspot\src\share\vm\prims\jni.cpp, line 737]
Event: 35.043 Thread 0x000001cb24885000 JVM_StopThread thread JavaThread 0x000001cb24da6800 as oop 0x00000000817c01d0 [exception 0x0000008cfc5fc360]
Event: 35.043 Thread 0x000001cb24da6800 Exception <a 'java/lang/ThreadDeath'> (0x00000000d5f6e330) thrown at [C:\jenkins\workspace\8-2-build-windows-amd64-cygwin\jdk8u271\605\hotspot\src\share\vm\prims\jni.cpp, line 710]

Events (10 events):
Event: 34.233 Thread 0x000001cb240b4000 DEOPT UNPACKING pc=0x000001cb0e415843 sp=0x0000008cfc2fda08 mode 2
Event: 35.042 Executing VM operation: GetOrSetLocal
Event: 35.042 Executing VM operation: GetOrSetLocal done
Event: 35.042 Executing VM operation: EnterInterpOnlyMode
Event: 35.042 Executing nested VM operation: Deoptimize
Event: 35.043 Executing nested VM operation: Deoptimize done
Event: 35.043 Executing VM operation: EnterInterpOnlyMode done
Event: 35.043 Executing VM operation: ThreadStop
Event: 35.043 Executing VM operation: ThreadStop done
Event: 35.043 Executing VM operation: GetOrSetLocal


Dynamic libraries:
0x00007ff680de0000 - 0x00007ff680e27000 	C:\Program Files\Java\jdk1.8.0_271\bin\java.exe
0x00007ffb3c6c0000 - 0x00007ffb3c8b0000 	C:\WINDOWS\SYSTEM32\ntdll.dll
0x00007ffb3a7a0000 - 0x00007ffb3a852000 	C:\WINDOWS\System32\KERNEL32.DLL
0x00007ffb39ea0000 - 0x00007ffb3a145000 	C:\WINDOWS\System32\KERNELBASE.dll
0x00007ffb3bb20000 - 0x00007ffb3bbc3000 	C:\WINDOWS\System32\ADVAPI32.dll
0x00007ffb3b100000 - 0x00007ffb3b19e000 	C:\WINDOWS\System32\msvcrt.dll
0x00007ffb3b380000 - 0x00007ffb3b417000 	C:\WINDOWS\System32\sechost.dll
0x00007ffb3b260000 - 0x00007ffb3b37f000 	C:\WINDOWS\System32\RPCRT4.dll
0x00007ffb3c0d0000 - 0x00007ffb3c264000 	C:\WINDOWS\System32\USER32.dll
0x00007ffb39640000 - 0x00007ffb39661000 	C:\WINDOWS\System32\win32u.dll
0x00007ffb3a770000 - 0x00007ffb3a796000 	C:\WINDOWS\System32\GDI32.dll
0x00007ffb3a550000 - 0x00007ffb3a6e8000 	C:\WINDOWS\System32\gdi32full.dll
0x00007ffb3a4b0000 - 0x00007ffb3a54e000 	C:\WINDOWS\System32\msvcp_win.dll
0x00007ffb3a1e0000 - 0x00007ffb3a2da000 	C:\WINDOWS\System32\ucrtbase.dll
0x00007ffb260f0000 - 0x00007ffb26374000 	C:\WINDOWS\WinSxS\amd64_microsoft.windows.common-controls_6595b64144ccf1df_6.0.18362.1316_none_9e7a364fe461dbd7\COMCTL32.dll
0x00007ffb3c290000 - 0x00007ffb3c5c7000 	C:\WINDOWS\System32\combase.dll
0x00007ffb3a150000 - 0x00007ffb3a1d1000 	C:\WINDOWS\System32\bcryptPrimitives.dll
0x00007ffb3ba40000 - 0x00007ffb3ba6e000 	C:\WINDOWS\System32\IMM32.DLL
0x00007ffb28dd0000 - 0x00007ffb28de5000 	C:\Program Files\Java\jdk1.8.0_271\jre\bin\vcruntime140.dll
0x00007ffb095c0000 - 0x00007ffb0965b000 	C:\Program Files\Java\jdk1.8.0_271\jre\bin\msvcp140.dll
0x0000000073880000 - 0x00000000740ef000 	C:\Program Files\Java\jdk1.8.0_271\jre\bin\server\jvm.dll
0x00007ffb3c0c0000 - 0x00007ffb3c0c8000 	C:\WINDOWS\System32\PSAPI.DLL
0x00007ffb35dc0000 - 0x00007ffb35dc9000 	C:\WINDOWS\SYSTEM32\WSOCK32.dll
0x00007ffb3bf60000 - 0x00007ffb3bfcf000 	C:\WINDOWS\System32\WS2_32.dll
0x00007ffb37680000 - 0x00007ffb376a4000 	C:\WINDOWS\SYSTEM32\WINMM.dll
0x00007ffb334c0000 - 0x00007ffb334ca000 	C:\WINDOWS\SYSTEM32\VERSION.dll
0x00007ffb37650000 - 0x00007ffb3767d000 	C:\WINDOWS\SYSTEM32\WINMMBASE.dll
0x00007ffb3a2e0000 - 0x00007ffb3a32a000 	C:\WINDOWS\System32\cfgmgr32.dll
0x00007ffb395d0000 - 0x00007ffb395e1000 	C:\WINDOWS\System32\kernel.appcore.dll
0x00007ffb2add0000 - 0x00007ffb2ade0000 	C:\Program Files\Java\jdk1.8.0_271\jre\bin\verify.dll
0x00007ffb21a00000 - 0x00007ffb21a2b000 	C:\Program Files\Java\jdk1.8.0_271\jre\bin\java.dll
0x00007ffb17790000 - 0x00007ffb177c6000 	C:\Program Files\Java\jdk1.8.0_271\jre\bin\jdwp.dll
0x00007ffb223c0000 - 0x00007ffb223c9000 	C:\Program Files\Java\jdk1.8.0_271\jre\bin\npt.dll
0x00007ffb1a2b0000 - 0x00007ffb1a2c8000 	C:\Program Files\Java\jdk1.8.0_271\jre\bin\zip.dll
0x00007ffb3a8d0000 - 0x00007ffb3afb8000 	C:\WINDOWS\System32\SHELL32.dll
0x00007ffb3c5d0000 - 0x00007ffb3c677000 	C:\WINDOWS\System32\shcore.dll
0x00007ffb39720000 - 0x00007ffb39e9b000 	C:\WINDOWS\System32\windows.storage.dll
0x00007ffb395f0000 - 0x00007ffb39613000 	C:\WINDOWS\System32\profapi.dll
0x00007ffb39580000 - 0x00007ffb395ca000 	C:\WINDOWS\System32\powrprof.dll
0x00007ffb39570000 - 0x00007ffb39580000 	C:\WINDOWS\System32\UMPDC.dll
0x00007ffb3a860000 - 0x00007ffb3a8b2000 	C:\WINDOWS\System32\shlwapi.dll
0x00007ffb3a750000 - 0x00007ffb3a767000 	C:\WINDOWS\System32\cryptsp.dll
0x00007ffb35ec0000 - 0x00007ffb35ecb000 	C:\Program Files\Java\jdk1.8.0_271\jre\bin\dt_shmem.dll
0x000001cb0cbd0000 - 0x000001cb0cbd3000 	C:\Program Files\Java\jdk1.8.0_271\jre\bin\api-ms-win-core-console-l1-1-0.dll
0x000001cb0cbf0000 - 0x000001cb0cbf3000 	C:\Program Files\Java\jdk1.8.0_271\jre\bin\api-ms-win-core-console-l1-2-0.dll
0x000001cb0cc00000 - 0x000001cb0cc03000 	C:\Program Files\Java\jdk1.8.0_271\jre\bin\api-ms-win-core-datetime-l1-1-0.dll
0x000001cb0cc10000 - 0x000001cb0cc13000 	C:\Program Files\Java\jdk1.8.0_271\jre\bin\api-ms-win-core-debug-l1-1-0.dll
0x000001cb24110000 - 0x000001cb24113000 	C:\Program Files\Java\jdk1.8.0_271\jre\bin\api-ms-win-core-errorhandling-l1-1-0.dll
0x000001cb24120000 - 0x000001cb24124000 	C:\Program Files\Java\jdk1.8.0_271\jre\bin\api-ms-win-core-file-l1-1-0.dll
0x000001cb24130000 - 0x000001cb24133000 	C:\Program Files\Java\jdk1.8.0_271\jre\bin\api-ms-win-core-file-l1-2-0.dll
0x000001cb24140000 - 0x000001cb24143000 	C:\Program Files\Java\jdk1.8.0_271\jre\bin\api-ms-win-core-file-l2-1-0.dll
0x000001cb24150000 - 0x000001cb24153000 	C:\Program Files\Java\jdk1.8.0_271\jre\bin\api-ms-win-core-handle-l1-1-0.dll
0x000001cb24160000 - 0x000001cb24163000 	C:\Program Files\Java\jdk1.8.0_271\jre\bin\api-ms-win-core-heap-l1-1-0.dll
0x000001cb24170000 - 0x000001cb24173000 	C:\Program Files\Java\jdk1.8.0_271\jre\bin\api-ms-win-core-interlocked-l1-1-0.dll
0x000001cb24180000 - 0x000001cb24183000 	C:\Program Files\Java\jdk1.8.0_271\jre\bin\api-ms-win-core-libraryloader-l1-1-0.dll
0x000001cb24190000 - 0x000001cb24193000 	C:\Program Files\Java\jdk1.8.0_271\jre\bin\api-ms-win-core-localization-l1-2-0.dll
0x000001cb241a0000 - 0x000001cb241a3000 	C:\Program Files\Java\jdk1.8.0_271\jre\bin\api-ms-win-core-memory-l1-1-0.dll
0x000001cb241b0000 - 0x000001cb241b3000 	C:\Program Files\Java\jdk1.8.0_271\jre\bin\api-ms-win-core-namedpipe-l1-1-0.dll
0x000001cb241c0000 - 0x000001cb241c3000 	C:\Program Files\Java\jdk1.8.0_271\jre\bin\api-ms-win-core-processenvironment-l1-1-0.dll
0x000001cb241d0000 - 0x000001cb241d3000 	C:\Program Files\Java\jdk1.8.0_271\jre\bin\api-ms-win-core-processthreads-l1-1-0.dll
0x000001cb241e0000 - 0x000001cb241e3000 	C:\Program Files\Java\jdk1.8.0_271\jre\bin\api-ms-win-core-processthreads-l1-1-1.dll
0x000001cb241f0000 - 0x000001cb241f3000 	C:\Program Files\Java\jdk1.8.0_271\jre\bin\api-ms-win-core-profile-l1-1-0.dll
0x000001cb24200000 - 0x000001cb24203000 	C:\Program Files\Java\jdk1.8.0_271\jre\bin\api-ms-win-core-rtlsupport-l1-1-0.dll
0x000001cb24210000 - 0x000001cb24213000 	C:\Program Files\Java\jdk1.8.0_271\jre\bin\api-ms-win-core-string-l1-1-0.dll
0x000001cb24220000 - 0x000001cb24223000 	C:\Program Files\Java\jdk1.8.0_271\jre\bin\api-ms-win-core-synch-l1-1-0.dll
0x000001cb24230000 - 0x000001cb24233000 	C:\Program Files\Java\jdk1.8.0_271\jre\bin\api-ms-win-core-synch-l1-2-0.dll
0x000001cb24240000 - 0x000001cb24243000 	C:\Program Files\Java\jdk1.8.0_271\jre\bin\api-ms-win-core-sysinfo-l1-1-0.dll
0x000001cb24250000 - 0x000001cb24253000 	C:\Program Files\Java\jdk1.8.0_271\jre\bin\api-ms-win-core-timezone-l1-1-0.dll
0x000001cb24260000 - 0x000001cb24263000 	C:\Program Files\Java\jdk1.8.0_271\jre\bin\api-ms-win-core-util-l1-1-0.dll
0x000001cb24270000 - 0x000001cb24273000 	C:\Program Files\Java\jdk1.8.0_271\jre\bin\api-ms-win-crt-conio-l1-1-0.dll
0x000001cb24280000 - 0x000001cb24284000 	C:\Program Files\Java\jdk1.8.0_271\jre\bin\api-ms-win-crt-convert-l1-1-0.dll
0x000001cb24290000 - 0x000001cb24293000 	C:\Program Files\Java\jdk1.8.0_271\jre\bin\api-ms-win-crt-environment-l1-1-0.dll
0x000001cb242a0000 - 0x000001cb242a3000 	C:\Program Files\Java\jdk1.8.0_271\jre\bin\api-ms-win-crt-filesystem-l1-1-0.dll
0x000001cb242b0000 - 0x000001cb242b3000 	C:\Program Files\Java\jdk1.8.0_271\jre\bin\api-ms-win-crt-heap-l1-1-0.dll
0x000001cb242c0000 - 0x000001cb242c3000 	C:\Program Files\Java\jdk1.8.0_271\jre\bin\api-ms-win-crt-locale-l1-1-0.dll
0x000001cb242d0000 - 0x000001cb242d5000 	C:\Program Files\Java\jdk1.8.0_271\jre\bin\api-ms-win-crt-math-l1-1-0.dll
0x000001cb242e0000 - 0x000001cb242e5000 	C:\Program Files\Java\jdk1.8.0_271\jre\bin\api-ms-win-crt-multibyte-l1-1-0.dll
0x000001cb242f0000 - 0x000001cb24300000 	C:\Program Files\Java\jdk1.8.0_271\jre\bin\api-ms-win-crt-private-l1-1-0.dll
0x000001cb24300000 - 0x000001cb24303000 	C:\Program Files\Java\jdk1.8.0_271\jre\bin\api-ms-win-crt-process-l1-1-0.dll
0x000001cb24310000 - 0x000001cb24314000 	C:\Program Files\Java\jdk1.8.0_271\jre\bin\api-ms-win-crt-runtime-l1-1-0.dll
0x000001cb24320000 - 0x000001cb24324000 	C:\Program Files\Java\jdk1.8.0_271\jre\bin\api-ms-win-crt-stdio-l1-1-0.dll
0x000001cb24330000 - 0x000001cb24334000 	C:\Program Files\Java\jdk1.8.0_271\jre\bin\api-ms-win-crt-string-l1-1-0.dll
0x000001cb24340000 - 0x000001cb24343000 	C:\Program Files\Java\jdk1.8.0_271\jre\bin\api-ms-win-crt-time-l1-1-0.dll
0x000001cb24350000 - 0x000001cb24353000 	C:\Program Files\Java\jdk1.8.0_271\jre\bin\api-ms-win-crt-utility-l1-1-0.dll
0x00007ffad60b0000 - 0x00007ffad61aa000 	C:\Program Files\Java\jdk1.8.0_271\jre\bin\ucrtbase.dll
0x00007ffb1fe40000 - 0x00007ffb1fe4c000 	C:\Windows\System32\vcruntime140_1.dll
0x00007ffb1a380000 - 0x00007ffb1a3a3000 	C:\Program Files\Java\jdk1.8.0_271\jre\bin\prism_d3d.dll
0x00007ffb29c20000 - 0x00007ffb29de7000 	C:\WINDOWS\system32\d3d9.dll
0x00007ffb37ce0000 - 0x00007ffb37d0d000 	C:\WINDOWS\SYSTEM32\dwmapi.dll
0x00007ffb381b0000 - 0x00007ffb381d0000 	C:\WINDOWS\SYSTEM32\dxcore.dll
0x00007ffb378c0000 - 0x00007ffb37959000 	C:\WINDOWS\system32\uxtheme.dll
0x00007ffb320c0000 - 0x00007ffb321c5000 	C:\WINDOWS\System32\DriverStore\FileRepository\nv_dispi.inf_amd64_aba80042aca9c3c9\nvldumdx.dll
0x00007ffb39620000 - 0x00007ffb39632000 	C:\WINDOWS\System32\msasn1.dll
0x00007ffb33490000 - 0x00007ffb334bf000 	C:\WINDOWS\SYSTEM32\cryptnet.dll
0x00007ffb3a360000 - 0x00007ffb3a4aa000 	C:\WINDOWS\System32\CRYPT32.dll
0x00007ffb38f80000 - 0x00007ffb38f8c000 	C:\WINDOWS\SYSTEM32\cryptbase.dll
0x00007ffb3a6f0000 - 0x00007ffb3a74c000 	C:\WINDOWS\System32\WINTRUST.DLL
0x00007ffb3c270000 - 0x00007ffb3c28d000 	C:\WINDOWS\System32\imagehlp.dll
0x00007ffb38930000 - 0x00007ffb38963000 	C:\WINDOWS\system32\rsaenh.dll
0x00007ffb3a330000 - 0x00007ffb3a356000 	C:\WINDOWS\System32\bcrypt.dll
0x00007ffad03d0000 - 0x00007ffad2018000 	C:\WINDOWS\System32\DriverStore\FileRepository\nv_dispi.inf_amd64_aba80042aca9c3c9\nvd3dumx.dll
0x00007ffb09740000 - 0x00007ffb09785000 	C:\Program Files\Java\jdk1.8.0_271\jre\bin\glass.dll
0x00007ffb3bd20000 - 0x00007ffb3bdf0000 	C:\WINDOWS\System32\COMDLG32.dll
0x00007ffb3be00000 - 0x00007ffb3bf57000 	C:\WINDOWS\System32\ole32.dll
0x00007ffb3bc50000 - 0x00007ffb3bd15000 	C:\WINDOWS\System32\OLEAUT32.dll
0x00007ffb3afc0000 - 0x00007ffb3b0f5000 	C:\WINDOWS\System32\MSCTF.dll
0x00007ffb05270000 - 0x00007ffb05529000 	C:\WINDOWS\system32\nvspcap64.dll
0x00007ffb386c0000 - 0x00007ffb386f1000 	C:\WINDOWS\SYSTEM32\ntmarta.dll
0x00007ffb38160000 - 0x00007ffb38182000 	C:\WINDOWS\SYSTEM32\gpapi.dll
0x00007ffb17770000 - 0x00007ffb17784000 	C:\Program Files\Java\jdk1.8.0_271\jre\bin\javafx_font.dll
0x00007ffacc9a0000 - 0x00007ffad03cd000 	C:\Program Files\Java\jdk1.8.0_271\jre\bin\jfxwebkit.dll
0x00007ffb2a210000 - 0x00007ffb2a50e000 	C:\WINDOWS\SYSTEM32\dwrite.dll
0x00007ffb3ba70000 - 0x00007ffb3bb12000 	C:\WINDOWS\System32\clbcatq.dll
0x00007ffb34860000 - 0x00007ffb34a0f000 	C:\WINDOWS\SYSTEM32\WindowsCodecs.dll
0x00007ffb15650000 - 0x00007ffb1568b000 	C:\WINDOWS\system32\dataexchange.dll
0x00007ffb36630000 - 0x00007ffb3688b000 	C:\WINDOWS\system32\d3d11.dll
0x00007ffb36cf0000 - 0x00007ffb36ecd000 	C:\WINDOWS\system32\dcomp.dll
0x00007ffb38240000 - 0x00007ffb3832b000 	C:\WINDOWS\system32\dxgi.dll
0x00007ffb37990000 - 0x00007ffb37bea000 	C:\WINDOWS\system32\twinapi.appcore.dll
0x00007ffb37df0000 - 0x00007ffb37e19000 	C:\WINDOWS\system32\RMCLIENT.dll
0x00007ffb04530000 - 0x00007ffb04563000 	C:\Program Files\Common Files\Microsoft Shared\Ink\rtscom.dll
0x00007ffb31000000 - 0x00007ffb3109d000 	C:\WINDOWS\System32\TextInputFramework.dll
0x00007ffb35270000 - 0x00007ffb3559a000 	C:\WINDOWS\System32\CoreUIComponents.dll
0x00007ffb36ed0000 - 0x00007ffb36fa4000 	C:\WINDOWS\System32\CoreMessaging.dll
0x00007ffb350d0000 - 0x00007ffb35222000 	C:\WINDOWS\SYSTEM32\wintypes.dll
0x00007ffb2ae30000 - 0x00007ffb2b0d7000 	C:\WINDOWS\System32\iertutil.dll
0x00007ffb17730000 - 0x00007ffb1774c000 	C:\Program Files\Java\jdk1.8.0_271\jre\bin\net.dll
0x00007ffb38db0000 - 0x00007ffb38e17000 	C:\WINDOWS\system32\mswsock.dll

VM Arguments:
jvm_args: -Xdebug -Xrunjdwp:transport=dt_shmem,address=javadebug -Dfile.encoding=UTF-8 
java_command: server.serverfx.ServerSide
java_class_path (initial): E:\Hossam\Engineering\ITI\ITI - Open-Source\13. Java Programming\Project\Tic-Tac-Toe\ServerSide\libraries\json-simple-1.1.1.jar;E:\Hossam\Engineering\ITI\ITI - Open-Source\13. Java Programming\Project\Tic-Tac-Toe\ServerSide\libraries\mysql-connector-java-8.0.22.jar;E:\Hossam\Engineering\ITI\ITI - Open-Source\13. Java Programming\Project\Tic-Tac-Toe\ServerSide\build\classes
Launcher Type: SUN_STANDARD

Environment Variables:
PATH=C:\Program Files (x86)\Common Files\Oracle\Java\javapath;C:\Program Files (x86)\Intel\iCLS Client\;C:\Program Files\Intel\iCLS Client\;C:\Windows\system32;C:\Windows;C:\Windows\System32\Wbem;C:\Windows\System32\WindowsPowerShell\v1.0\;C:\Program Files (x86)\NVIDIA Corporation\PhysX\Common;C:\Program Files (x86)\Intel\Intel(R) Management Engine Components\DAL;C:\Program Files\Intel\Intel(R) Management Engine Components\DAL;C:\Program Files (x86)\Intel\Intel(R) Management Engine Components\IPT;C:\Program Files\Intel\Intel(R) Management Engine Components\IPT;C:\WINDOWS\system32;C:\WINDOWS;C:\WINDOWS\System32\Wbem;C:\WINDOWS\System32\WindowsPowerShell\v1.0\;C:\WINDOWS\System32\OpenSSH\;C:\Program Files\NVIDIA Corporation\NVIDIA NvDLISR;C:\Program Files\MATLAB\R2018b\runtime\win64;C:\Program Files\MATLAB\R2018b\bin;C:\Program Files\PuTTY\;C:\MinGW\bin;C:\Program Files\Git\cmd;C:\Program Files\nodejs\;C:\Users\Hossam\AppData\Local\Programs\Python\Python37\Scripts\;C:\Users\Hossam\AppData\Local\Programs\Python\Python37\;C:\Users\Hossam\AppData\Local\Programs\Python\Python36\Scripts\;C:\Users\Hossam\AppData\Local\Programs\Python\Python36\;C:\Users\Hossam\AppData\Local\Microsoft\WindowsApps;C:\Users\Hossam\anaconda3\condabin;C:\Users\Hossam\anaconda3\Library\bin;C:\Users\Hossam\anaconda3\Scripts;C:\Users\Hossam\AppData\Local\atom\bin;C:\Users\Hossam\AppData\Roaming\npm;C:\Users\Hossam\AppData\Local\Programs\Microsoft VS Code\bin;C:\Users\Hossam\AppData\Local\Microsoft\WindowsApps;
USERNAME=Hossam
OS=Windows_NT
PROCESSOR_IDENTIFIER=Intel64 Family 6 Model 94 Stepping 3, GenuineIntel



---------------  S Y S T E M  ---------------

OS: Windows 10.0 , 64 bit Build 18362 (10.0.18362.1316)

CPU:total 4 (initial active 4) (4 cores per cpu, 1 threads per core) family 6 model 94 stepping 3, cmov, cx8, fxsr, mmx, sse, sse2, sse3, ssse3, sse4.1, sse4.2, popcnt, avx, avx2, aes, clmul, erms, 3dnowpref, lzcnt, tsc, tscinvbit, bmi1, bmi2, adx

Memory: 4k page, physical 8351864k(2173708k free), swap 33517688k(20914652k free)

vm_info: Java HotSpot(TM) 64-Bit Server VM (25.271-b09) for windows-amd64 JRE (1.8.0_271-b09), built on Sep 16 2020 19:14:59 by "" with MS VC++ 15.9 (VS2017)

time: Fri Jan 29 17:22:49 2021
timezone: Egypt Standard Time
elapsed time: 35.105014 seconds (0d 0h 0m 35s)

